<?xml version="1.0" encoding="UTF-8"?>
<!-- Generated by org.testng.reporters.JUnitXMLReporter -->
<testsuite hostname="DESKTOP-Q2RM1HI" ignored="0" name="chromeTest" tests="4" failures="0" timestamp="2022-01-07T16:20:25 IST" time="15.422" errors="0">
  <testcase name="login" time="4.098" classname="Nopcommerce_test.Logintest"/>
  <testcase name="verifyTitle" time="2.017" classname="Nopcommerce_test.Logintest"/>
  <testcase name="verifyLogo" time="0.09" classname="Nopcommerce_test.Logintest"/>
  <testcase name="logout" time="0.701" classname="Nopcommerce_test.Logintest"/>
</testsuite> <!-- chromeTest -->
