<?xml version="1.0" encoding="UTF-8"?>
<!-- Generated by org.testng.reporters.JUnitXMLReporter -->
<testsuite hostname="DESKTOP-Q2RM1HI" ignored="0" name="edgeTest" tests="5" failures="0" timestamp="2022-01-07T16:20:36 IST" time="25.655" errors="0">
  <testcase name="login" time="4.447" classname="Nopcommerce_test.Addnew_customer"/>
  <testcase name="customer_sec" time="5.575" classname="Nopcommerce_test.Addnew_customer"/>
  <testcase name="Add_new_customer" time="1.969" classname="Nopcommerce_test.Addnew_customer"/>
  <testcase name="Add_new_customer1" time="4.99" classname="Nopcommerce_test.Addnew_customer"/>
  <testcase name="logout" time="1.376" classname="Nopcommerce_test.Addnew_customer"/>
</testsuite> <!-- edgeTest -->
