<?xml version="1.0" encoding="UTF-8"?>
<!-- Generated by org.testng.reporters.JUnitXMLReporter -->
<testsuite ignored="0" hostname="LAPTOP-P8RHS7R7" failures="0" tests="4" name="chromeTest" time="33.66" errors="0" timestamp="2022-01-13T08:10:55 IST">
  <testcase classname="Nopcommerce_test.Logintest" name="login" time="6.186"/>
  <testcase classname="Nopcommerce_test.Logintest" name="verifyTitle" time="2.042"/>
  <testcase classname="Nopcommerce_test.Logintest" name="verifyLogo" time="0.078"/>
  <testcase classname="Nopcommerce_test.Logintest" name="logout" time="1.519"/>
</testsuite> <!-- chromeTest -->
