<?xml version="1.0" encoding="UTF-8"?>
<!-- Generated by org.testng.reporters.JUnitXMLReporter -->
<testsuite ignored="0" hostname="LAPTOP-P8RHS7R7" failures="0" tests="5" name="edgeTest" time="41.035" errors="0" timestamp="2022-01-13T08:11:03 IST">
  <testcase classname="Nopcommerce_test.Addnew_customer" name="login" time="7.348"/>
  <testcase classname="Nopcommerce_test.Addnew_customer" name="customer_sec" time="3.539"/>
  <testcase classname="Nopcommerce_test.Addnew_customer" name="Add_new_customer" time="2.219"/>
  <testcase classname="Nopcommerce_test.Addnew_customer" name="Add_new_customer1" time="3.247"/>
  <testcase classname="Nopcommerce_test.Addnew_customer" name="logout" time="2.409"/>
</testsuite> <!-- edgeTest -->
