<?xml version="1.0" encoding="UTF-8"?>
<!-- Generated by org.testng.reporters.JUnitXMLReporter -->
<testsuite ignored="0" hostname="DESKTOP-Q2RM1HI" failures="0" tests="5" name="Test2" time="16.52" errors="0" timestamp="2021-12-30T15:50:27 IST">
  <testcase classname="Nopcommerce_test.Addnew_customer" name="login" time="4.347"/>
  <testcase classname="Nopcommerce_test.Addnew_customer" name="customer_sec" time="2.602"/>
  <testcase classname="Nopcommerce_test.Addnew_customer" name="Add_new_customer" time="1.502"/>
  <testcase classname="Nopcommerce_test.Addnew_customer" name="Add_new_customer1" time="1.81"/>
  <testcase classname="Nopcommerce_test.Addnew_customer" name="logout" time="1.979"/>
</testsuite> <!-- Test2 -->
