<?xml version="1.0" encoding="UTF-8"?>
<testng-results ignored="0" total="9" passed="9" failed="0" skipped="0">
  <reporter-output>
  </reporter-output>
  <suite started-at="2022-01-13T08:10:22 IST" name="Suite" finished-at="2022-01-13T08:11:03 IST" duration-ms="41035">
    <groups>
    </groups>
    <test started-at="2022-01-13T08:10:22 IST" name="chromeTest" finished-at="2022-01-13T08:10:55 IST" duration-ms="33660">
      <class name="Nopcommerce_test.Logintest">
        <test-method is-config="true" signature="startReport()[pri:0, instance:Nopcommerce_test.Logintest@6fe7aac8]" started-at="2022-01-13T08:10:22 IST" name="startReport" finished-at="2022-01-13T08:10:22 IST" duration-ms="278" status="PASS">
          <reporter-output>
          </reporter-output>
        </test-method> <!-- startReport -->
        <test-method is-config="true" signature="lanunchApp(java.lang.String)[pri:0, instance:Nopcommerce_test.Logintest@6fe7aac8]" started-at="2022-01-13T08:10:22 IST" name="lanunchApp" finished-at="2022-01-13T08:10:43 IST" duration-ms="20761" status="PASS">
          <params>
            <param index="0">
              <value>
                <![CDATA[chrome]]>
              </value>
            </param>
          </params>
          <reporter-output>
          </reporter-output>
        </test-method> <!-- lanunchApp -->
        <test-method signature="login()[pri:1, instance:Nopcommerce_test.Logintest@6fe7aac8]" started-at="2022-01-13T08:10:43 IST" name="login" finished-at="2022-01-13T08:10:49 IST" duration-ms="6186" status="PASS">
          <reporter-output>
          </reporter-output>
        </test-method> <!-- login -->
        <test-method is-config="true" signature="getResult(org.testng.ITestResult)[pri:0, instance:Nopcommerce_test.Logintest@6fe7aac8]" started-at="2022-01-13T08:10:49 IST" name="getResult" finished-at="2022-01-13T08:10:49 IST" duration-ms="8" status="PASS">
          <params>
            <param index="0">
              <value>
                <![CDATA[[TestResult name=login status=SUCCESS method=Logintest.login()[pri:1, instance:Nopcommerce_test.Logintest@6fe7aac8] output={null}]]]>
              </value>
            </param>
          </params>
          <reporter-output>
          </reporter-output>
        </test-method> <!-- getResult -->
        <test-method signature="verifyTitle()[pri:2, instance:Nopcommerce_test.Logintest@6fe7aac8]" started-at="2022-01-13T08:10:49 IST" name="verifyTitle" finished-at="2022-01-13T08:10:51 IST" duration-ms="2042" status="PASS">
          <reporter-output>
          </reporter-output>
        </test-method> <!-- verifyTitle -->
        <test-method is-config="true" signature="getResult(org.testng.ITestResult)[pri:0, instance:Nopcommerce_test.Logintest@6fe7aac8]" started-at="2022-01-13T08:10:51 IST" name="getResult" finished-at="2022-01-13T08:10:51 IST" duration-ms="0" status="PASS">
          <params>
            <param index="0">
              <value>
                <![CDATA[[TestResult name=verifyTitle status=SUCCESS method=Logintest.verifyTitle()[pri:2, instance:Nopcommerce_test.Logintest@6fe7aac8] output={null}]]]>
              </value>
            </param>
          </params>
          <reporter-output>
          </reporter-output>
        </test-method> <!-- getResult -->
        <test-method signature="verifyLogo()[pri:3, instance:Nopcommerce_test.Logintest@6fe7aac8]" started-at="2022-01-13T08:10:51 IST" name="verifyLogo" finished-at="2022-01-13T08:10:51 IST" duration-ms="78" status="PASS">
          <reporter-output>
          </reporter-output>
        </test-method> <!-- verifyLogo -->
        <test-method is-config="true" signature="getResult(org.testng.ITestResult)[pri:0, instance:Nopcommerce_test.Logintest@6fe7aac8]" started-at="2022-01-13T08:10:51 IST" name="getResult" finished-at="2022-01-13T08:10:51 IST" duration-ms="0" status="PASS">
          <params>
            <param index="0">
              <value>
                <![CDATA[[TestResult name=verifyLogo status=SUCCESS method=Logintest.verifyLogo()[pri:3, instance:Nopcommerce_test.Logintest@6fe7aac8] output={null}]]]>
              </value>
            </param>
          </params>
          <reporter-output>
          </reporter-output>
        </test-method> <!-- getResult -->
        <test-method signature="logout()[pri:4, instance:Nopcommerce_test.Logintest@6fe7aac8]" started-at="2022-01-13T08:10:51 IST" name="logout" finished-at="2022-01-13T08:10:53 IST" duration-ms="1519" status="PASS">
          <reporter-output>
          </reporter-output>
        </test-method> <!-- logout -->
        <test-method is-config="true" signature="getResult(org.testng.ITestResult)[pri:0, instance:Nopcommerce_test.Logintest@6fe7aac8]" started-at="2022-01-13T08:10:53 IST" name="getResult" finished-at="2022-01-13T08:10:53 IST" duration-ms="0" status="PASS">
          <params>
            <param index="0">
              <value>
                <![CDATA[[TestResult name=logout status=SUCCESS method=Logintest.logout()[pri:4, instance:Nopcommerce_test.Logintest@6fe7aac8] output={null}]]]>
              </value>
            </param>
          </params>
          <reporter-output>
          </reporter-output>
        </test-method> <!-- getResult -->
        <test-method is-config="true" signature="closeApp()[pri:0, instance:Nopcommerce_test.Logintest@6fe7aac8]" started-at="2022-01-13T08:10:53 IST" name="closeApp" finished-at="2022-01-13T08:10:55 IST" duration-ms="2248" status="PASS">
          <reporter-output>
          </reporter-output>
        </test-method> <!-- closeApp -->
        <test-method is-config="true" signature="endReport()[pri:0, instance:Nopcommerce_test.Logintest@6fe7aac8]" started-at="2022-01-13T08:10:55 IST" name="endReport" finished-at="2022-01-13T08:10:55 IST" duration-ms="516" status="PASS">
          <reporter-output>
          </reporter-output>
        </test-method> <!-- endReport -->
      </class> <!-- Nopcommerce_test.Logintest -->
    </test> <!-- chromeTest -->
    <test started-at="2022-01-13T08:10:22 IST" name="edgeTest" finished-at="2022-01-13T08:11:03 IST" duration-ms="41035">
      <class name="Nopcommerce_test.Addnew_customer">
        <test-method is-config="true" signature="startReport()[pri:0, instance:Nopcommerce_test.Addnew_customer@21de60b4]" started-at="2022-01-13T08:10:22 IST" name="startReport" finished-at="2022-01-13T08:10:22 IST" duration-ms="277" status="PASS">
          <reporter-output>
          </reporter-output>
        </test-method> <!-- startReport -->
        <test-method is-config="true" signature="lanunchApp(java.lang.String)[pri:0, instance:Nopcommerce_test.Addnew_customer@21de60b4]" started-at="2022-01-13T08:10:22 IST" name="lanunchApp" finished-at="2022-01-13T08:10:41 IST" duration-ms="19466" status="PASS">
          <params>
            <param index="0">
              <value>
                <![CDATA[edge]]>
              </value>
            </param>
          </params>
          <reporter-output>
          </reporter-output>
        </test-method> <!-- lanunchApp -->
        <test-method signature="login()[pri:1, instance:Nopcommerce_test.Addnew_customer@21de60b4]" started-at="2022-01-13T08:10:41 IST" name="login" finished-at="2022-01-13T08:10:49 IST" duration-ms="7348" status="PASS">
          <reporter-output>
          </reporter-output>
        </test-method> <!-- login -->
        <test-method is-config="true" signature="getResult(org.testng.ITestResult)[pri:0, instance:Nopcommerce_test.Addnew_customer@21de60b4]" started-at="2022-01-13T08:10:49 IST" name="getResult" finished-at="2022-01-13T08:10:49 IST" duration-ms="16" status="PASS">
          <params>
            <param index="0">
              <value>
                <![CDATA[[TestResult name=login status=SUCCESS method=Addnew_customer.login()[pri:1, instance:Nopcommerce_test.Addnew_customer@21de60b4] output={null}]]]>
              </value>
            </param>
          </params>
          <reporter-output>
          </reporter-output>
        </test-method> <!-- getResult -->
        <test-method signature="customer_sec()[pri:2, instance:Nopcommerce_test.Addnew_customer@21de60b4]" started-at="2022-01-13T08:10:49 IST" name="customer_sec" finished-at="2022-01-13T08:10:52 IST" duration-ms="3539" status="PASS">
          <reporter-output>
          </reporter-output>
        </test-method> <!-- customer_sec -->
        <test-method is-config="true" signature="getResult(org.testng.ITestResult)[pri:0, instance:Nopcommerce_test.Addnew_customer@21de60b4]" started-at="2022-01-13T08:10:52 IST" name="getResult" finished-at="2022-01-13T08:10:52 IST" duration-ms="0" status="PASS">
          <params>
            <param index="0">
              <value>
                <![CDATA[[TestResult name=customer_sec status=SUCCESS method=Addnew_customer.customer_sec()[pri:2, instance:Nopcommerce_test.Addnew_customer@21de60b4] output={null}]]]>
              </value>
            </param>
          </params>
          <reporter-output>
          </reporter-output>
        </test-method> <!-- getResult -->
        <test-method signature="Add_new_customer()[pri:3, instance:Nopcommerce_test.Addnew_customer@21de60b4]" started-at="2022-01-13T08:10:52 IST" name="Add_new_customer" finished-at="2022-01-13T08:10:55 IST" duration-ms="2219" status="PASS">
          <reporter-output>
          </reporter-output>
        </test-method> <!-- Add_new_customer -->
        <test-method is-config="true" signature="getResult(org.testng.ITestResult)[pri:0, instance:Nopcommerce_test.Addnew_customer@21de60b4]" started-at="2022-01-13T08:10:55 IST" name="getResult" finished-at="2022-01-13T08:10:55 IST" duration-ms="0" status="PASS">
          <params>
            <param index="0">
              <value>
                <![CDATA[[TestResult name=Add_new_customer status=SUCCESS method=Addnew_customer.Add_new_customer()[pri:3, instance:Nopcommerce_test.Addnew_customer@21de60b4] output={null}]]]>
              </value>
            </param>
          </params>
          <reporter-output>
          </reporter-output>
        </test-method> <!-- getResult -->
        <test-method signature="Add_new_customer1()[pri:4, instance:Nopcommerce_test.Addnew_customer@21de60b4]" started-at="2022-01-13T08:10:55 IST" name="Add_new_customer1" finished-at="2022-01-13T08:10:58 IST" duration-ms="3247" status="PASS">
          <reporter-output>
          </reporter-output>
        </test-method> <!-- Add_new_customer1 -->
        <test-method is-config="true" signature="getResult(org.testng.ITestResult)[pri:0, instance:Nopcommerce_test.Addnew_customer@21de60b4]" started-at="2022-01-13T08:10:58 IST" name="getResult" finished-at="2022-01-13T08:10:58 IST" duration-ms="0" status="PASS">
          <params>
            <param index="0">
              <value>
                <![CDATA[[TestResult name=Add_new_customer1 status=SUCCESS method=Addnew_customer.Add_new_customer1()[pri:4, instance:Nopcommerce_test.Addnew_customer@21de60b4] output={null}]]]>
              </value>
            </param>
          </params>
          <reporter-output>
          </reporter-output>
        </test-method> <!-- getResult -->
        <test-method signature="logout()[pri:5, instance:Nopcommerce_test.Addnew_customer@21de60b4]" started-at="2022-01-13T08:10:58 IST" name="logout" finished-at="2022-01-13T08:11:00 IST" duration-ms="2409" status="PASS">
          <reporter-output>
          </reporter-output>
        </test-method> <!-- logout -->
        <test-method is-config="true" signature="getResult(org.testng.ITestResult)[pri:0, instance:Nopcommerce_test.Addnew_customer@21de60b4]" started-at="2022-01-13T08:11:00 IST" name="getResult" finished-at="2022-01-13T08:11:00 IST" duration-ms="0" status="PASS">
          <params>
            <param index="0">
              <value>
                <![CDATA[[TestResult name=logout status=SUCCESS method=Addnew_customer.logout()[pri:5, instance:Nopcommerce_test.Addnew_customer@21de60b4] output={null}]]]>
              </value>
            </param>
          </params>
          <reporter-output>
          </reporter-output>
        </test-method> <!-- getResult -->
        <test-method is-config="true" signature="closeApp()[pri:0, instance:Nopcommerce_test.Addnew_customer@21de60b4]" started-at="2022-01-13T08:11:00 IST" name="closeApp" finished-at="2022-01-13T08:11:03 IST" duration-ms="2361" status="PASS">
          <reporter-output>
          </reporter-output>
        </test-method> <!-- closeApp -->
        <test-method is-config="true" signature="endReport()[pri:0, instance:Nopcommerce_test.Addnew_customer@21de60b4]" started-at="2022-01-13T08:11:03 IST" name="endReport" finished-at="2022-01-13T08:11:03 IST" duration-ms="105" status="PASS">
          <reporter-output>
          </reporter-output>
        </test-method> <!-- endReport -->
      </class> <!-- Nopcommerce_test.Addnew_customer -->
    </test> <!-- edgeTest -->
  </suite> <!-- Suite -->
</testng-results>
